\BOOKMARK [1][-]{section.1}{\376\377\000I\000n\000t\000r\000o\000d\000u\000c\000t\000i\000o\000n}{}% 1
\BOOKMARK [2][-]{subsection.1.1}{\376\377\000M\000o\000t\000i\000v\000a\000t\000i\000o\000n}{section.1}% 2
\BOOKMARK [2][-]{subsection.1.2}{\376\377\000O\000b\000j\000e\000c\000t\000i\000v\000e}{section.1}% 3
\BOOKMARK [2][-]{subsection.1.3}{\376\377\000D\000a\000t\000a\000s\000e\000t}{section.1}% 4
\BOOKMARK [2][-]{subsection.1.4}{\376\377\000E\000v\000a\000l\000u\000a\000t\000i\000o\000n}{section.1}% 5
\BOOKMARK [2][-]{subsection.1.5}{\376\377\000P\000a\000p\000e\000r\000\040\000S\000t\000r\000u\000c\000t\000u\000r\000e}{section.1}% 6
\BOOKMARK [1][-]{section.2}{\376\377\000D\000a\000t\000a}{}% 7
\BOOKMARK [2][-]{subsection.2.1}{\376\377\000D\000a\000t\000a\000s\000e\000t\000\040\000C\000o\000n\000s\000t\000r\000u\000c\000t\000i\000o\000n}{section.2}% 8
\BOOKMARK [2][-]{subsection.2.2}{\376\377\000D\000e\000s\000c\000r\000i\000p\000t\000i\000v\000e\000\040\000S\000t\000a\000t\000i\000s\000t\000i\000c\000s}{section.2}% 9
\BOOKMARK [2][-]{subsection.2.3}{\376\377\000L\000o\000g\000-\000R\000e\000t\000u\000r\000n\000\040\000T\000i\000m\000e\000\040\000S\000e\000r\000i\000e\000s}{section.2}% 10
\BOOKMARK [2][-]{subsection.2.4}{\376\377\000R\000e\000a\000l\000i\000z\000e\000d\000\040\000V\000o\000l\000a\000t\000i\000l\000i\000t\000y\000\040\000a\000n\000d\000\040\000R\000e\000g\000i\000m\000e\000\040\000I\000d\000e\000n\000t\000i\000f\000i\000c\000a\000t\000i\000o\000n}{section.2}% 11
\BOOKMARK [2][-]{subsection.2.5}{\376\377\000A\000u\000t\000o\000c\000o\000r\000r\000e\000l\000a\000t\000i\000o\000n\000\040\000A\000n\000a\000l\000y\000s\000i\000s}{section.2}% 12
\BOOKMARK [2][-]{subsection.2.6}{\376\377\000F\000e\000a\000t\000u\000r\000e\000\040\000C\000o\000r\000r\000e\000l\000a\000t\000i\000o\000n\000\040\000S\000t\000r\000u\000c\000t\000u\000r\000e}{section.2}% 13
\BOOKMARK [2][-]{subsection.2.7}{\376\377\000S\000u\000m\000m\000a\000r\000y}{section.2}% 14
\BOOKMARK [1][-]{section.3}{\376\377\000L\000i\000n\000e\000a\000r\000\040\000R\000e\000g\000r\000e\000s\000s\000i\000o\000n\000\040\000B\000a\000s\000e\000l\000i\000n\000e}{}% 15
\BOOKMARK [2][-]{subsection.3.1}{\376\377\000S\000t\000a\000n\000d\000a\000r\000d\000\040\000L\000i\000n\000e\000a\000r\000\040\000R\000e\000g\000r\000e\000s\000s\000i\000o\000n}{section.3}% 16
\BOOKMARK [3][-]{subsubsection.3.1.1}{\376\377\000S\000e\000t\000u\000p}{subsection.3.1}% 17
\BOOKMARK [3][-]{subsubsection.3.1.2}{\376\377\000R\000e\000s\000u\000l\000t\000s}{subsection.3.1}% 18
\BOOKMARK [3][-]{subsubsection.3.1.3}{\376\377\000C\000o\000e\000f\000f\000i\000c\000i\000e\000n\000t\000\040\000A\000n\000a\000l\000y\000s\000i\000s}{subsection.3.1}% 19
\BOOKMARK [3][-]{subsubsection.3.1.4}{\376\377\000P\000r\000e\000d\000i\000c\000t\000e\000d\000\040\000v\000s\000.\000\040\000A\000c\000t\000u\000a\000l}{subsection.3.1}% 20
\BOOKMARK [2][-]{subsection.3.2}{\376\377\000F\000e\000a\000t\000u\000r\000e\000\040\000E\000n\000g\000i\000n\000e\000e\000r\000i\000n\000g}{section.3}% 21
\BOOKMARK [2][-]{subsection.3.3}{\376\377\000R\000e\000g\000i\000m\000e\000\040\000A\000n\000a\000l\000y\000s\000i\000s}{section.3}% 22
\BOOKMARK [2][-]{subsection.3.4}{\376\377\000G\000A\000R\000C\000H\000\050\0001\000,\0001\000\051\000\040\000B\000a\000s\000e\000l\000i\000n\000e}{section.3}% 23
\BOOKMARK [3][-]{subsubsection.3.4.1}{\376\377\000E\000s\000t\000i\000m\000a\000t\000e\000d\000\040\000P\000a\000r\000a\000m\000e\000t\000e\000r\000s}{subsection.3.4}% 24
\BOOKMARK [3][-]{subsubsection.3.4.2}{\376\377\000R\000e\000g\000i\000m\000e\000\040\000P\000e\000r\000f\000o\000r\000m\000a\000n\000c\000e}{subsection.3.4}% 25
\BOOKMARK [2][-]{subsection.3.5}{\376\377\000S\000u\000m\000m\000a\000r\000y\000\040\000o\000f\000\040\000L\000i\000m\000i\000t\000a\000t\000i\000o\000n\000s}{section.3}% 26
\BOOKMARK [1][-]{section.4}{\376\377\000F\000e\000e\000d\000f\000o\000r\000w\000a\000r\000d\000\040\000N\000e\000u\000r\000a\000l\000\040\000N\000e\000t\000w\000o\000r\000k}{}% 27
\BOOKMARK [2][-]{subsection.4.1}{\376\377\000A\000r\000c\000h\000i\000t\000e\000c\000t\000u\000r\000e}{section.4}% 28
\BOOKMARK [2][-]{subsection.4.2}{\376\377\000T\000r\000a\000i\000n\000i\000n\000g\000\040\000S\000e\000t\000u\000p}{section.4}% 29
\BOOKMARK [2][-]{subsection.4.3}{\376\377\000R\000e\000s\000u\000l\000t\000s}{section.4}% 30
\BOOKMARK [2][-]{subsection.4.4}{\376\377\000A\000n\000a\000l\000y\000s\000i\000s}{section.4}% 31
\BOOKMARK [2][-]{subsection.4.5}{\376\377\000L\000i\000m\000i\000t\000a\000t\000i\000o\000n\000s}{section.4}% 32
\BOOKMARK [1][-]{section.5}{\376\377\000R\000e\000c\000u\000r\000r\000e\000n\000t\000\040\000N\000e\000u\000r\000a\000l\000\040\000N\000e\000t\000w\000o\000r\000k}{}% 33
\BOOKMARK [2][-]{subsection.5.1}{\376\377\000A\000r\000c\000h\000i\000t\000e\000c\000t\000u\000r\000e}{section.5}% 34
\BOOKMARK [2][-]{subsection.5.2}{\376\377\000T\000r\000a\000i\000n\000i\000n\000g\000\040\000S\000e\000t\000u\000p}{section.5}% 35
\BOOKMARK [2][-]{subsection.5.3}{\376\377\000R\000e\000s\000u\000l\000t\000s}{section.5}% 36
\BOOKMARK [2][-]{subsection.5.4}{\376\377\000L\000i\000m\000i\000t\000a\000t\000i\000o\000n\000s}{section.5}% 37
\BOOKMARK [1][-]{section.6}{\376\377\000L\000o\000n\000g\000\040\000S\000h\000o\000r\000t\000-\000T\000e\000r\000m\000\040\000M\000e\000m\000o\000r\000y}{}% 38
\BOOKMARK [2][-]{subsection.6.1}{\376\377\000A\000r\000c\000h\000i\000t\000e\000c\000t\000u\000r\000e}{section.6}% 39
\BOOKMARK [2][-]{subsection.6.2}{\376\377\000T\000r\000a\000i\000n\000i\000n\000g\000\040\000S\000e\000t\000u\000p}{section.6}% 40
\BOOKMARK [2][-]{subsection.6.3}{\376\377\000R\000e\000s\000u\000l\000t\000s}{section.6}% 41
\BOOKMARK [2][-]{subsection.6.4}{\376\377\000C\000r\000o\000s\000s\000-\000M\000o\000d\000e\000l\000\040\000C\000o\000m\000p\000a\000r\000i\000s\000o\000n}{section.6}% 42
\BOOKMARK [2][-]{subsection.6.5}{\376\377\000C\000o\000n\000c\000l\000u\000s\000i\000o\000n}{section.6}% 43
